<?xml version="1.0" encoding="UTF-8"?>
<testng-results ignored="0" total="2" passed="2" failed="0" skipped="0">
  <reporter-output>
  </reporter-output>
  <suite started-at="2024-01-31T19:22:23 IST" name="Surefire suite" finished-at="2024-01-31T19:22:28 IST" duration-ms="5600">
    <groups>
      <group name="cucumber">
        <method signature="AbstractTestNGCucumberTests.runScenario(io.cucumber.testng.PickleWrapper, io.cucumber.testng.FeatureWrapper)[pri:0, instance:runner.Testrunner@4de5031f]" name="runScenario" class="io.cucumber.testng.AbstractTestNGCucumberTests"/>
      </group> <!-- cucumber -->
    </groups>
    <test started-at="2024-01-31T19:22:23 IST" name="Surefire test" finished-at="2024-01-31T19:22:28 IST" duration-ms="5600">
      <class name="runner.Testrunner">
        <test-method is-config="true" signature="setUpClass(org.testng.ITestContext)[pri:0, instance:runner.Testrunner@4de5031f]" started-at="2024-01-31T19:22:23 IST" name="setUpClass" finished-at="2024-01-31T19:22:23 IST" duration-ms="527" status="PASS">
          <params>
            <param index="0">
              <value>
                <![CDATA[org.testng.TestRunner@1c5d3a37]]>
              </value>
            </param>
          </params>
          <reporter-output>
          </reporter-output>
        </test-method> <!-- setUpClass -->
        <test-method signature="runScenario(io.cucumber.testng.PickleWrapper, io.cucumber.testng.FeatureWrapper)[pri:0, instance:runner.Testrunner@4de5031f]" started-at="2024-01-31T19:22:23 IST" name="runScenario" description="Runs Cucumber Scenarios" data-provider="scenarios" finished-at="2024-01-31T19:22:26 IST" duration-ms="2251" status="PASS">
          <params>
            <param index="0">
              <value>
                <![CDATA["Verify the get api for the products"]]>
              </value>
            </param>
            <param index="1">
              <value>
                <![CDATA["Get all products from API"]]>
              </value>
            </param>
          </params>
          <reporter-output>
          </reporter-output>
        </test-method> <!-- runScenario -->
        <test-method signature="runScenario(io.cucumber.testng.PickleWrapper, io.cucumber.testng.FeatureWrapper)[pri:0, instance:runner.Testrunner@4de5031f]" started-at="2024-01-31T19:22:26 IST" name="runScenario" description="Runs Cucumber Scenarios" data-provider="scenarios" finished-at="2024-01-31T19:22:28 IST" duration-ms="2766" status="PASS">
          <params>
            <param index="0">
              <value>
                <![CDATA["Verify the rate of the first product is correct"]]>
              </value>
            </param>
            <param index="1">
              <value>
                <![CDATA["Get all products from API"]]>
              </value>
            </param>
          </params>
          <reporter-output>
          </reporter-output>
        </test-method> <!-- runScenario -->
        <test-method is-config="true" signature="tearDownClass()[pri:0, instance:runner.Testrunner@4de5031f]" started-at="2024-01-31T19:22:28 IST" name="tearDownClass" finished-at="2024-01-31T19:22:28 IST" duration-ms="28" status="PASS">
          <reporter-output>
          </reporter-output>
        </test-method> <!-- tearDownClass -->
      </class> <!-- runner.Testrunner -->
    </test> <!-- Surefire test -->
  </suite> <!-- Surefire suite -->
</testng-results>
