<?xml version="1.0" encoding="UTF-8"?>
<testsuite xmlns:xsi="http://www.w3.org/2001/XMLSchema-instance" xsi:noNamespaceSchemaLocation="https://maven.apache.org/surefire/maven-surefire-plugin/xsd/surefire-test-report-3.0.xsd" version="3.0" name="runner.Testrunner" time="5.917" tests="2" errors="0" skipped="0" failures="0">
  <properties>
[...]
</properties>
  <testcase name="runScenario[&quot;Verify the get api for the products&quot;, &quot;Get all products from API&quot;](1)" classname="runner.Testrunner" time="2.253">
    <system-out><![CDATA[
@yourTag
Scenario: Verify the get api for the products             &amp#27;[90m# src/test/java/features/GetProduct.feature:5&amp#27;[0m
  &amp#27;[32mGiven &amp#27;[0m&amp#27;[32mI hit the url of the get products of api endpoint&amp#27;[0m &amp#27;[90m# stepDefinitions.productsStepdef.i_hit_the_url_of_the_get_products_of_api_endpoint()&amp#27;[0m
  &amp#27;[32mWhen &amp#27;[0m&amp#27;[32mI pass the the url of the products in the request&amp#27;[0m  &amp#27;[90m# stepDefinitions.productsStepdef.i_pass_the_the_url_of_the_products_in_the_request()&amp#27;[0m
  &amp#27;[32mThen &amp#27;[0m&amp#27;[32mI receive the response code as &amp#27;[0m&amp#27;[32m&amp#27;[1m200&amp#27;[0m                 &amp#27;[90m# stepDefinitions.productsStepdef.i_receive_the_response_code_as(java.lang.Integer)&amp#27;[0m
]]></system-out>
  </testcase>
  <testcase name="runScenario[&quot;Verify the rate of the first product is correct&quot;, &quot;Get all products from API&quot;](2)" classname="runner.Testrunner" time="2.76">
    <system-out><![CDATA[
Scenario Outline: Verify the rate of the first product is correct &amp#27;[90m# src/test/java/features/GetProduct.feature:19&amp#27;[0m
  &amp#27;[32mGiven &amp#27;[0m&amp#27;[32mI hit the url of the get products of api endpoint&amp#27;[0m         &amp#27;[90m# stepDefinitions.productsStepdef.i_hit_the_url_of_the_get_products_of_api_endpoint()&amp#27;[0m
  &amp#27;[32mWhen &amp#27;[0m&amp#27;[32mI pass the the url of the products in the request&amp#27;[0m          &amp#27;[90m# stepDefinitions.productsStepdef.i_pass_the_the_url_of_the_products_in_the_request()&amp#27;[0m
  &amp#27;[32mThen &amp#27;[0m&amp#27;[32mI verify that the rate of the first product is &amp#27;[0m&amp#27;[32m&amp#27;[1m3.9&amp#27;[0m         &amp#27;[90m# stepDefinitions.productsStepdef.i_verify_that_the_rate_of_the_first_product_is_first_product_rate(java.lang.String)&amp#27;[0m
]]></system-out>
  </testcase>
</testsuite>