<?xml version="1.0" encoding="UTF-8"?>
<testng-results ignored="0" total="2" passed="2" failed="0" skipped="0">
  <reporter-output>
  </reporter-output>
  <suite started-at="2024-01-31T19:21:00 IST" name="Default suite" finished-at="2024-01-31T19:21:06 IST" duration-ms="5851">
    <groups>
      <group name="cucumber">
        <method signature="AbstractTestNGCucumberTests.runScenario(io.cucumber.testng.PickleWrapper, io.cucumber.testng.FeatureWrapper)[pri:0, instance:runner.Testrunner@793be5ca]" name="runScenario" class="io.cucumber.testng.AbstractTestNGCucumberTests"/>
      </group> <!-- cucumber -->
    </groups>
    <test started-at="2024-01-31T19:21:00 IST" name="Default test" finished-at="2024-01-31T19:21:06 IST" duration-ms="5851">
      <class name="runner.Testrunner">
        <test-method is-config="true" signature="setUpClass(org.testng.ITestContext)[pri:0, instance:runner.Testrunner@793be5ca]" started-at="2024-01-31T19:21:00 IST" name="setUpClass" finished-at="2024-01-31T19:21:01 IST" duration-ms="503" status="PASS">
          <params>
            <param index="0">
              <value>
                <![CDATA[org.testng.TestRunner@5e68be2]]>
              </value>
            </param>
          </params>
          <reporter-output>
          </reporter-output>
        </test-method> <!-- setUpClass -->
        <test-method signature="runScenario(io.cucumber.testng.PickleWrapper, io.cucumber.testng.FeatureWrapper)[pri:0, instance:runner.Testrunner@793be5ca]" started-at="2024-01-31T19:21:01 IST" name="runScenario" description="Runs Cucumber Scenarios" data-provider="scenarios" finished-at="2024-01-31T19:21:04 IST" duration-ms="3249" status="PASS">
          <params>
            <param index="0">
              <value>
                <![CDATA["Verify the get api for the products"]]>
              </value>
            </param>
            <param index="1">
              <value>
                <![CDATA["Get all products from API"]]>
              </value>
            </param>
          </params>
          <reporter-output>
          </reporter-output>
        </test-method> <!-- runScenario -->
        <test-method signature="runScenario(io.cucumber.testng.PickleWrapper, io.cucumber.testng.FeatureWrapper)[pri:0, instance:runner.Testrunner@793be5ca]" started-at="2024-01-31T19:21:04 IST" name="runScenario" description="Runs Cucumber Scenarios" data-provider="scenarios" finished-at="2024-01-31T19:21:06 IST" duration-ms="2015" status="PASS">
          <params>
            <param index="0">
              <value>
                <![CDATA["Verify the rate of the first product is correct"]]>
              </value>
            </param>
            <param index="1">
              <value>
                <![CDATA["Get all products from API"]]>
              </value>
            </param>
          </params>
          <reporter-output>
          </reporter-output>
        </test-method> <!-- runScenario -->
        <test-method is-config="true" signature="tearDownClass()[pri:0, instance:runner.Testrunner@793be5ca]" started-at="2024-01-31T19:21:06 IST" name="tearDownClass" finished-at="2024-01-31T19:21:06 IST" duration-ms="47" status="PASS">
          <reporter-output>
          </reporter-output>
        </test-method> <!-- tearDownClass -->
      </class> <!-- runner.Testrunner -->
    </test> <!-- Default test -->
  </suite> <!-- Default suite -->
</testng-results>
